服务已启动
/login.html
/login.js
/cheng.png
/getData
服务已启动
服务已启动
服务已启动
/login.html
/login.js
/cheng.png
/getData
/getData
服务已启动
/login.html
/login.js
/cheng.png
/getData
服务已启动
/login.html
/login.js
/cheng.png
/getData
服务已启动
/login.html
/login.js
/cheng.png
/getData
服务已启动
服务已启动
/index.html
/login.html
/login.js
/login
/login
服务已启动
/login.html
/login.js
/login
服务已启动
/login
服务已启动
/login
服务已启动
/login
/login.html
/login.js
服务已启动
/login.html
/login.js
/login
服务已启动
/login.html
/login.js
/login
服务已启动
/login
服务已启动
/login
服务已启动
/login.html
/login.js
/login
服务已启动
/login
服务已启动
/login.html
/login.js
/login
服务已启动
/login
服务已启动
/login
服务已启动
/login
服务已启动
/login
/login
/login
/login
/login
服务已启动
/login.html
/login.js
/login
服务已启动
/login.html
/login.js
/login.html
/login.js
/login
服务已启动
/login.html
/login.js
/getData
/login.html
/login.js
服务已启动
/login.html
/login.js
/login
服务已启动
/login.html
/login.js
/login
/login
/login
服务已启动
服务已启动
/login.html
/login.js
/login
服务已启动
/login
服务已启动
/login.html
/login.js
/login
服务已启动
/login
服务已启动
/login.html
/login.js
/login
服务已启动
/login
服务已启动
/login
undefined
服务已启动
服务已启动
/login
/login
服务已启动
服务已启动
/login
/login
/login
服务已启动
/login.html
/login.js
/login
/main.html
服务已启动
/login.html
/login.js
/login
服务已启动
/login.html
/login.js
/login
服务已启动
/login
服务已启动
/login
/main.html
服务已启动
/login.html
/login.js
/login
/main.html
服务已启动
/login.html
/login.js
/login
服务已启动
/login
服务已启动
/login.html
/login.js
/login
服务已启动
服务已启动
/login.html
/login.js
/login
服务已启动
/login
/login.html
/login.js
服务已启动
/login.html
/login.js
/login
/main.html
服务已启动
/login.html
/login.js
/login
服务已启动
/login.html
/login.js
/login
/main.html
服务已启动
/main.html
服务已启动
/login.html
/login.js
/login
/main.html
/login.html
/login.js
服务已启动
/main.html
/login
/main.html
服务已启动
/login
/error.html
/login
/main.html
服务已启动
/login.html
/login.js
/login
/main.html
服务已启动
服务已启动
/login.html
/login.js
/login.js
服务已启动
/login.html
/login.js
服务已启动
/login.html
/login.js
/main.html
服务已启动
/main.html
服务已启动
/main.html
/login.html
/login.js
服务已启动
/main.html
/login.html
/login.js
服务已启动
/main.html
/login.html
/login.js
服务已启动
服务已启动
/main.html
/login.html
/login.js
服务已启动
/main.html
/main.html
服务已启动
服务已启动
/main.html
/login.html
/login.js
/main.html
服务已启动
服务已启动
服务已启动
/login.html
/login.js
/login.html
/login.js
服务已启动
/login.html
/login.js
/login.html
服务已启动
/login.html
/login.js
/main.html
/login.html
/login.js
/login
/main.html
/login.html
/login.js
服务已启动
服务已启动
/main.html
/login.html
/login.js
服务已启动
/main.html
/login.html
/login.js
服务已启动
/login.html
/login.js
/login
/main.html
/main.html
/login.html
/login.js
/main.html
/login.html
/login.js
服务已启动
/
/login.html
/login.js
/favicon.ico
/login
/login
/main.html
/testFileUpload
服务已启动
/testFileUpload
/main.html
/main.html
/testFileUpload
/testFileUpload
服务已启动
/main.html
服务已启动
服务已启动
/testFileUpload
服务已启动
/testFileUpload
服务已启动
/testFileUpload
/main.html
/main.html
服务已启动
/main.html
/testFileUpload
服务已启动
/main.html
/testFileUpload
