2018-11-09 12:55:03 1541739303653 服务已启动
2018-11-09 13:38:28 1541741908768 服务已启动
2018-11-09 13:39:03 1541741943478 /getStudentPage
2018-11-09 13:41:03 1541742063688 /getStudentPage
2018-11-09 13:43:14 1541742194613 服务已启动
2018-11-09 13:43:17 1541742197764 /getStudentPage
2018-11-09 13:44:08 1541742248945 服务已启动
2018-11-09 13:44:09 1541742249029 /getStudentPage
2018-11-09 13:44:15 1541742255510 服务已启动
2018-11-09 13:44:18 1541742258180 /getStudentPage
2018-11-09 13:46:18 1541742378249 /getStudentPage
2018-11-09 14:00:50 1541743250207 服务已启动
2018-11-09 14:00:55 1541743255629 /getStudentPage
2018-11-09 14:01:50 1541743310520 服务已启动
2018-11-09 14:01:53 1541743313318 /getStudentPage
2018-11-09 14:01:53 1541743313414 /favicon.ico
2018-11-09 14:02:34 1541743354543 /getStudentPage
2018-11-09 14:04:14 1541743454130 /getStudentPage
2018-11-09 14:04:18 1541743458496 服务已启动
2018-11-09 14:04:20 1541743460730 /getStudentPage
2018-11-09 14:04:51 1541743491418 服务已启动
2018-11-09 14:04:54 1541743494580 /getStudentPage
2018-11-09 14:40:40 1541745640165 服务已启动
2018-11-09 14:41:09 1541745669469 /student.html
2018-11-09 14:41:09 1541745669485 /bootstrap/js/jquery-3.3.1.min.js
2018-11-09 14:41:09 1541745669487 /bootstrap/js/bootstrap.js
2018-11-09 14:43:00 1541745780717 /student.html
2018-11-09 14:43:00 1541745780725 /bootstrap/js/jquery-3.3.1.min.js
2018-11-09 14:43:00 1541745780726 /bootstrap/js/bootstrap.js
2018-11-09 14:43:25 1541745805211 /student.html
2018-11-09 14:43:25 1541745805221 /bootstrap/js/jquery-3.3.1.min.js
2018-11-09 14:43:25 1541745805222 /bootstrap/js/bootstrap.js
2018-11-09 14:43:25 1541745805223 /bootstrap/css/bootstrap.css
2018-11-09 14:43:25 1541745805267 /bootstrap/css/bootstrap.css.map
2018-11-09 14:43:25 1541745805278 /favicon.ico
2018-11-09 14:49:26 1541746166372 /student.html
2018-11-09 14:49:26 1541746166380 /bootstrap/js/jquery-3.3.1.min.js
2018-11-09 14:49:26 1541746166381 /bootstrap/js/bootstrap.js
2018-11-09 14:49:26 1541746166382 /bootstrap/css/bootstrap.css
2018-11-09 14:49:26 1541746166439 /bootstrap/css/bootstrap.css.map
2018-11-09 14:49:26 1541746166897 /student.html
2018-11-09 14:49:26 1541746166905 /bootstrap/js/jquery-3.3.1.min.js
2018-11-09 14:49:26 1541746166906 /bootstrap/js/bootstrap.js
2018-11-09 14:49:26 1541746166907 /bootstrap/css/bootstrap.css
2018-11-09 14:49:26 1541746166947 /bootstrap/css/bootstrap.css.map
2018-11-09 14:51:40 1541746300368 /student.html
2018-11-09 14:51:40 1541746300378 /bootstrap/js/jquery-3.3.1.min.js
2018-11-09 14:51:40 1541746300379 /bootstrap/js/bootstrap.js
2018-11-09 14:51:40 1541746300381 /bootstrap/css/bootstrap.css
2018-11-09 14:51:40 1541746300427 /bootstrap/css/bootstrap.css.map
2018-11-09 14:52:35 1541746355943 /student.html
2018-11-09 14:52:35 1541746355950 /bootstrap/js/bootstrap.js
2018-11-09 14:52:35 1541746355950 /bootstrap/js/jquery-3.3.1.min.js
2018-11-09 14:52:35 1541746355951 /bootstrap/css/bootstrap.css
2018-11-09 14:52:36 1541746356001 /bootstrap/css/bootstrap.css.map
2018-11-09 14:59:43 1541746783949 /student.html
2018-11-09 14:59:43 1541746783958 /bootstrap/js/jquery-3.3.1.min.js
2018-11-09 14:59:43 1541746783959 /bootstrap/js/bootstrap.js
2018-11-09 14:59:43 1541746783960 /bootstrap/css/bootstrap.css
2018-11-09 14:59:44 1541746784126 /bootstrap/css/bootstrap.css.map
2018-11-09 15:02:15 1541746935177 /student.html
2018-11-09 15:02:15 1541746935189 /bootstrap/js/jquery-3.3.1.min.js
2018-11-09 15:02:15 1541746935190 /bootstrap/js/bootstrap.js
2018-11-09 15:02:15 1541746935192 /bootstrap/css/bootstrap.css
2018-11-09 15:02:15 1541746935252 /bootstrap/css/bootstrap.css.map
2018-11-09 15:02:15 1541746935282 /getStudentPage
2018-11-09 15:07:44 1541747264823 /student.html
2018-11-09 15:07:44 1541747264831 /bootstrap/js/jquery-3.3.1.min.js
2018-11-09 15:07:44 1541747264832 /bootstrap/js/bootstrap.js
2018-11-09 15:07:44 1541747264834 /bootstrap/css/bootstrap.css
2018-11-09 15:07:44 1541747264904 /bootstrap/css/bootstrap.css.map
2018-11-09 15:07:56 1541747276318 /student.html
2018-11-09 15:07:56 1541747276326 /bootstrap/js/jquery-3.3.1.min.js
2018-11-09 15:07:56 1541747276328 /bootstrap/js/bootstrap.js
2018-11-09 15:07:56 1541747276329 /bootstrap/css/bootstrap.css
2018-11-09 15:07:56 1541747276888 /favicon.ico
2018-11-09 15:07:56 1541747276899 /bootstrap/css/bootstrap.css.map
2018-11-09 15:08:39 1541747319101 /student.html
2018-11-09 15:08:39 1541747319112 /bootstrap/js/jquery-3.3.1.min.js
2018-11-09 15:08:39 1541747319113 /bootstrap/js/bootstrap.js
2018-11-09 15:08:39 1541747319114 /bootstrap/css/bootstrap.css
2018-11-09 15:08:39 1541747319364 /getStudentPage
2018-11-09 15:08:39 1541747319374 /favicon.ico
2018-11-09 15:08:39 1541747319386 /bootstrap/css/bootstrap.css.map
2018-11-09 15:11:43 1541747503311 /student.html
2018-11-09 15:11:43 1541747503319 /bootstrap/js/jquery-3.3.1.min.js
2018-11-09 15:11:43 1541747503322 /bootstrap/js/bootstrap.js
2018-11-09 15:11:43 1541747503323 /bootstrap/css/bootstrap.css
2018-11-09 15:11:43 1541747503582 /getStudentPage
2018-11-09 15:11:43 1541747503596 /favicon.ico
2018-11-09 15:11:43 1541747503603 /bootstrap/css/bootstrap.css.map
2018-11-09 15:14:34 1541747674439 /student.html
2018-11-09 15:14:34 1541747674450 /bootstrap/js/jquery-3.3.1.min.js
2018-11-09 15:14:34 1541747674452 /bootstrap/js/bootstrap.js
2018-11-09 15:14:34 1541747674453 /bootstrap/css/bootstrap.css
2018-11-09 15:14:34 1541747674708 /getStudentPage
2018-11-09 15:14:34 1541747674720 /favicon.ico
2018-11-09 15:14:34 1541747674729 /bootstrap/css/bootstrap.css.map
2018-11-09 15:14:45 1541747685884 /student.html
2018-11-09 15:14:45 1541747685907 /bootstrap/js/jquery-3.3.1.min.js
2018-11-09 15:14:45 1541747685908 /bootstrap/js/bootstrap.js
2018-11-09 15:14:45 1541747685909 /bootstrap/css/bootstrap.css
2018-11-09 15:14:46 1541747686158 /getStudentPage
2018-11-09 15:14:46 1541747686168 /favicon.ico
2018-11-09 15:14:46 1541747686178 /bootstrap/css/bootstrap.css.map
2018-11-09 15:15:30 1541747730444 /student.html
2018-11-09 15:15:30 1541747730452 /bootstrap/js/jquery-3.3.1.min.js
2018-11-09 15:15:30 1541747730453 /bootstrap/js/bootstrap.js
2018-11-09 15:15:30 1541747730455 /bootstrap/css/bootstrap.css
2018-11-09 15:15:30 1541747730714 /getStudentPage
2018-11-09 15:15:30 1541747730728 /favicon.ico
2018-11-09 15:15:30 1541747730748 /bootstrap/css/bootstrap.css.map
2018-11-09 15:17:21 1541747841307 服务已启动
2018-11-09 15:17:27 1541747847235 /student.html
2018-11-09 15:17:27 1541747847250 /bootstrap/js/jquery-3.3.1.min.js
2018-11-09 15:17:27 1541747847252 /bootstrap/js/bootstrap.js
2018-11-09 15:17:27 1541747847253 /bootstrap/css/bootstrap.css
2018-11-09 15:17:27 1541747847513 /getStudentPage
2018-11-09 15:17:27 1541747847586 /bootstrap/css/bootstrap.css.map
2018-11-09 15:17:27 1541747847585 /favicon.ico
2018-11-09 15:17:46 1541747866396 服务已启动
2018-11-09 15:17:50 1541747870647 /student.html
2018-11-09 15:17:50 1541747870658 /bootstrap/js/jquery-3.3.1.min.js
2018-11-09 15:17:50 1541747870660 /bootstrap/js/bootstrap.js
2018-11-09 15:17:50 1541747870661 /bootstrap/css/bootstrap.css
2018-11-09 15:17:50 1541747870919 /getStudentPage
2018-11-09 15:17:50 1541747870991 /favicon.ico
2018-11-09 15:17:50 1541747870993 /bootstrap/css/bootstrap.css.map
2018-11-09 15:18:20 1541747900580 /student.html
2018-11-09 15:18:20 1541747900593 /bootstrap/js/jquery-3.3.1.min.js
2018-11-09 15:18:20 1541747900595 /bootstrap/js/bootstrap.js
2018-11-09 15:18:20 1541747900596 /bootstrap/css/bootstrap.css
2018-11-09 15:18:20 1541747900858 /getStudentPage
2018-11-09 15:18:20 1541747900873 /favicon.ico
2018-11-09 15:18:20 1541747900886 /bootstrap/css/bootstrap.css.map
2018-11-09 15:18:27 1541747907743 服务已启动
2018-11-09 15:18:31 1541747911620 /student.html
2018-11-09 15:18:31 1541747911629 /bootstrap/js/jquery-3.3.1.min.js
2018-11-09 15:18:31 1541747911631 /bootstrap/js/bootstrap.js
2018-11-09 15:18:31 1541747911632 /bootstrap/css/bootstrap.css
2018-11-09 15:18:31 1541747911929 /getStudentPage
2018-11-09 15:18:31 1541747911998 /bootstrap/css/bootstrap.css.map
2018-11-09 15:18:31 1541747911997 /favicon.ico
2018-11-09 15:23:39 1541748219369 服务已启动
2018-11-09 15:23:44 1541748224346 /student.html
2018-11-09 15:23:44 1541748224360 /bootstrap/js/jquery-3.3.1.min.js
2018-11-09 15:23:44 1541748224364 /bootstrap/js/bootstrap.js
2018-11-09 15:23:44 1541748224366 /bootstrap/css/bootstrap.css
2018-11-09 15:23:44 1541748224640 /getStudentPage
2018-11-09 15:23:44 1541748224716 /favicon.ico
2018-11-09 15:23:44 1541748224717 /bootstrap/css/bootstrap.css.map
2018-11-09 15:24:33 1541748273867 /getStudentPage
2018-11-09 15:24:39 1541748279488 /getStudentPage
2018-11-09 15:25:12 1541748312606 /student.html
2018-11-09 15:25:12 1541748312613 /bootstrap/js/jquery-3.3.1.min.js
2018-11-09 15:25:12 1541748312614 /bootstrap/js/bootstrap.js
2018-11-09 15:25:12 1541748312615 /bootstrap/css/bootstrap.css
2018-11-09 15:25:12 1541748312680 /getStudentPage
2018-11-09 15:25:50 1541748350335 /student.html
2018-11-09 15:25:50 1541748350348 /bootstrap/js/jquery-3.3.1.min.js
2018-11-09 15:25:50 1541748350350 /bootstrap/js/bootstrap.js
2018-11-09 15:25:50 1541748350351 /bootstrap/css/bootstrap.css
2018-11-09 15:25:50 1541748350400 /bootstrap/fonts/glyphicons-halflings-regular.woff2
2018-11-09 15:25:50 1541748350404 /getStudentPage
2018-11-09 15:25:50 1541748350407 /bootstrap/fonts/glyphicons-halflings-regular.woff
2018-11-09 15:25:50 1541748350417 /bootstrap/fonts/glyphicons-halflings-regular.ttf
2018-11-09 15:25:55 1541748355888 /getStudentPage
2018-11-09 15:25:56 1541748356624 /getStudentPage
2018-11-09 15:25:57 1541748357345 /getStudentPage
2018-11-09 15:25:58 1541748358054 /getStudentPage
2018-11-09 15:26:00 1541748360115 /bootstrap/css/bootstrap.css
2018-11-09 15:26:00 1541748360146 /bootstrap/css/bootstrap.css.map
2018-11-09 15:26:48 1541748408001 /student.html
2018-11-09 15:26:48 1541748408011 /bootstrap/js/jquery-3.3.1.min.js
2018-11-09 15:26:48 1541748408013 /bootstrap/js/bootstrap.js
2018-11-09 15:26:48 1541748408014 /bootstrap/css/bootstrap.css
2018-11-09 15:26:48 1541748408266 /bootstrap/fonts/glyphicons-halflings-regular.woff2
2018-11-09 15:26:48 1541748408272 /getStudentPage
2018-11-09 15:26:48 1541748408284 /bootstrap/fonts/glyphicons-halflings-regular.woff
2018-11-09 15:26:48 1541748408286 /favicon.ico
2018-11-09 15:26:48 1541748408300 /bootstrap/css/bootstrap.css.map
2018-11-09 15:26:48 1541748408311 /bootstrap/fonts/glyphicons-halflings-regular.ttf
2018-11-09 15:27:04 1541748424435 /getStudentPage
2018-11-09 15:28:19 1541748499762 服务已启动
2018-11-09 15:28:26 1541748506069 /student.html
2018-11-09 15:28:26 1541748506082 /bootstrap/js/jquery-3.3.1.min.js
2018-11-09 15:28:26 1541748506084 /bootstrap/js/bootstrap.js
2018-11-09 15:28:26 1541748506085 /bootstrap/css/bootstrap.css
2018-11-09 15:28:26 1541748506349 /bootstrap/fonts/glyphicons-halflings-regular.woff2
2018-11-09 15:28:26 1541748506355 /getStudentPage
2018-11-09 15:28:26 1541748506429 /bootstrap/css/bootstrap.css.map
2018-11-09 15:28:26 1541748506428 /favicon.ico
2018-11-09 15:28:42 1541748522779 /getStudentPage
2018-11-09 15:28:45 1541748525785 /getStudentPage
2018-11-09 15:29:23 1541748563461 /student.html
2018-11-09 15:29:23 1541748563468 /bootstrap/js/jquery-3.3.1.min.js
2018-11-09 15:29:23 1541748563470 /bootstrap/js/bootstrap.js
2018-11-09 15:29:23 1541748563470 /bootstrap/css/bootstrap.css
2018-11-09 15:29:23 1541748563524 /bootstrap/fonts/glyphicons-halflings-regular.woff2
2018-11-09 15:29:23 1541748563529 /getStudentPage
2018-11-09 15:29:30 1541748570535 /getStudentPage
2018-11-09 15:29:36 1541748576362 /bootstrap/css/bootstrap.css
2018-11-09 15:29:36 1541748576391 /bootstrap/css/bootstrap.css.map
2018-11-09 15:29:53 1541748593105 /getStudentPage
2018-11-09 15:32:44 1541748764591 /student.html
2018-11-09 15:32:44 1541748764605 /bootstrap/js/jquery-3.3.1.min.js
2018-11-09 15:32:44 1541748764606 /bootstrap/js/bootstrap.js
2018-11-09 15:32:44 1541748764607 /bootstrap/css/bootstrap.css
2018-11-09 15:32:44 1541748764661 /bootstrap/fonts/glyphicons-halflings-regular.woff2
2018-11-09 15:32:44 1541748764665 /getStudentPage
2018-11-09 15:32:47 1541748767366 /getStudentPage
2018-11-09 15:32:49 1541748769745 /getStudentPage
2018-11-09 15:32:51 1541748771615 /getStudentPage
2018-11-09 15:32:53 1541748773125 /getStudentPage
2018-11-09 15:32:54 1541748774415 /getStudentPage
2018-11-09 15:32:55 1541748775734 /getStudentPage
2018-11-09 15:32:57 1541748777146 /getStudentPage
2018-11-09 15:34:10 1541748850171 /student.html
2018-11-09 15:34:10 1541748850180 /bootstrap/js/jquery-3.3.1.min.js
2018-11-09 15:34:10 1541748850181 /bootstrap/js/bootstrap.js
2018-11-09 15:34:10 1541748850182 /bootstrap/css/bootstrap.css
2018-11-09 15:34:10 1541748850225 /bootstrap/fonts/glyphicons-halflings-regular.woff2
2018-11-09 15:34:10 1541748850228 /getStudentPage
2018-11-09 15:34:13 1541748853736 /getStudentPage
2018-11-09 15:34:47 1541748887907 /student.html
2018-11-09 15:34:47 1541748887915 /bootstrap/js/jquery-3.3.1.min.js
2018-11-09 15:34:47 1541748887916 /bootstrap/js/bootstrap.js
2018-11-09 15:34:47 1541748887917 /bootstrap/css/bootstrap.css
2018-11-09 15:34:47 1541748887952 /bootstrap/fonts/glyphicons-halflings-regular.woff2
2018-11-09 15:34:47 1541748887955 /getStudentPage
2018-11-09 15:34:52 1541748892771 /student.html
2018-11-09 15:34:52 1541748892779 /bootstrap/js/jquery-3.3.1.min.js
2018-11-09 15:34:52 1541748892780 /bootstrap/js/bootstrap.js
2018-11-09 15:34:52 1541748892782 /bootstrap/css/bootstrap.css
2018-11-09 15:34:52 1541748892813 /bootstrap/fonts/glyphicons-halflings-regular.woff2
2018-11-09 15:34:52 1541748892814 /getStudentPage
2018-11-09 15:34:55 1541748895576 /getStudentPage
2018-11-09 15:35:15 1541748915032 /student.html
2018-11-09 15:35:15 1541748915039 /bootstrap/js/jquery-3.3.1.min.js
2018-11-09 15:35:15 1541748915039 /bootstrap/js/bootstrap.js
2018-11-09 15:35:15 1541748915040 /bootstrap/css/bootstrap.css
2018-11-09 15:35:15 1541748915073 /bootstrap/fonts/glyphicons-halflings-regular.woff2
2018-11-09 15:35:15 1541748915076 /getStudentPage
2018-11-09 15:35:18 1541748918305 /getStudentPage
2018-11-09 15:35:19 1541748919645 /getStudentPage
2018-11-09 15:35:21 1541748921205 /getStudentPage
2018-11-09 15:45:01 1541749501953 服务已启动
2018-11-09 15:45:12 1541749512370 /student.html
2018-11-09 15:45:12 1541749512398 /bootstrap/js/bootstrap.js
2018-11-09 15:45:12 1541749512395 /bootstrap/js/jquery-3.3.1.min.js
2018-11-09 15:45:12 1541749512399 /bootstrap/css/bootstrap.css
2018-11-09 15:45:12 1541749512494 /bootstrap/fonts/glyphicons-halflings-regular.woff2
2018-11-09 15:45:12 1541749512501 /getStudentPage
2018-11-09 15:46:47 1541749607373 服务已启动
2018-11-09 15:46:50 1541749610779 /student.html
2018-11-09 15:46:50 1541749610792 /bootstrap/js/jquery-3.3.1.min.js
2018-11-09 15:46:50 1541749610794 /bootstrap/js/bootstrap.js
2018-11-09 15:46:50 1541749610796 /bootstrap/css/bootstrap.css
2018-11-09 15:46:51 1541749611450 /bootstrap/fonts/glyphicons-halflings-regular.woff2
2018-11-09 15:46:51 1541749611455 /getStudentPage
2018-11-09 15:46:51 1541749611528 /bootstrap/css/bootstrap.css.map
2018-11-09 15:46:51 1541749611527 /favicon.ico
2018-11-09 15:47:57 1541749677224 服务已启动
2018-11-09 15:48:04 1541749684199 /student.html
2018-11-09 15:48:04 1541749684216 /bootstrap/js/jquery-3.3.1.min.js
2018-11-09 15:48:04 1541749684217 /bootstrap/js/bootstrap.js
2018-11-09 15:48:04 1541749684219 /bootstrap/css/bootstrap.css
2018-11-09 15:48:04 1541749684572 /bootstrap/fonts/glyphicons-halflings-regular.woff2
2018-11-09 15:48:04 1541749684587 /getStudentPage
2018-11-09 15:48:04 1541749684653 /favicon.ico
2018-11-09 15:48:04 1541749684654 /bootstrap/css/bootstrap.css.map
2018-11-09 15:48:18 1541749698713 /getStudentPage
2018-11-09 15:48:20 1541749700601 /getStudentPage
2018-11-09 15:48:22 1541749702211 /getStudentPage
2018-11-09 15:48:23 1541749703382 /getStudentPage
2018-11-09 15:48:25 1541749705331 /getStudentPage
2018-11-09 15:48:26 1541749706742 /getStudentPage
2018-11-09 15:57:39 1541750259083 服务已启动
2018-11-09 15:57:41 1541750261465 /student.html
2018-11-09 15:57:41 1541750261477 /bootstrap/js/jquery-3.3.1.min.js
2018-11-09 15:57:41 1541750261479 /bootstrap/js/bootstrap.js
2018-11-09 15:57:41 1541750261480 /bootstrap/css/bootstrap.css
2018-11-09 15:57:41 1541750261532 /bootstrap/fonts/glyphicons-halflings-regular.woff2
2018-11-09 15:57:41 1541750261538 /getStudentPage
2018-11-09 16:02:39 1541750559734 服务已启动
2018-11-09 16:02:45 1541750565119 /student.html
2018-11-09 16:02:45 1541750565141 /bootstrap/js/jquery-3.3.1.min.js
2018-11-09 16:02:45 1541750565144 /bootstrap/js/bootstrap.js
2018-11-09 16:02:45 1541750565147 /bootstrap/css/bootstrap.css
2018-11-09 16:02:45 1541750565234 /bootstrap/fonts/glyphicons-halflings-regular.woff2
2018-11-09 16:02:45 1541750565244 /getStudentPage
2018-11-09 16:04:09 1541750649273 服务已启动
2018-11-09 16:04:16 1541750656703 /student.html
2018-11-09 16:04:16 1541750656716 /bootstrap/js/jquery-3.3.1.min.js
2018-11-09 16:04:16 1541750656718 /bootstrap/js/bootstrap.js
2018-11-09 16:04:16 1541750656720 /bootstrap/css/bootstrap.css
2018-11-09 16:04:16 1541750656762 /bootstrap/fonts/glyphicons-halflings-regular.woff2
2018-11-09 16:04:16 1541750656768 /getStudentPage
2018-11-09 16:04:18 1541750658973 /getStudentPage
2018-11-09 16:04:20 1541750660642 /getStudentPage
2018-11-09 16:41:34 1541752894426 服务已启动
2018-11-09 16:41:41 1541752901743 /addStudent.html
2018-11-09 16:41:48 1541752908528 /add_student.html
2018-11-09 16:42:11 1541752931831 /add_student.html
2018-11-09 16:42:15 1541752935190 /add_student.html
2018-11-09 16:42:50 1541752970095 /add_student.html
2018-11-09 16:42:57 1541752977231 /insertStudent
2018-11-09 16:43:49 1541753029242 /insertStudent
2018-11-09 16:44:51 1541753091495 /add_student.html
2018-11-09 16:44:57 1541753097719 /insertStudent
2018-11-09 16:46:57 1541753217787 /insertStudent
2018-11-09 16:55:49 1541753749351 服务已启动
2018-11-09 16:56:05 1541753765783 /add_student.html
2018-11-09 16:56:13 1541753773704 /insertStudent
2018-11-09 16:57:16 1541753836932 服务已启动
2018-11-09 16:57:16 1541753836993 /insertStudent
2018-11-09 16:59:10 1541753950742 服务已启动
2018-11-09 16:59:15 1541753955735 /add_student.html
2018-11-09 16:59:24 1541753964084 /insertStudent
2018-11-09 16:59:26 1541753966339 /student.html
2018-11-09 16:59:26 1541753966353 /bootstrap/js/jquery-3.3.1.min.js
2018-11-09 16:59:26 1541753966354 /bootstrap/js/bootstrap.js
2018-11-09 16:59:26 1541753966355 /bootstrap/css/bootstrap.css
2018-11-09 16:59:26 1541753966443 /bootstrap/css/bootstrap.css.map
2018-11-09 16:59:26 1541753966447 /bootstrap/fonts/glyphicons-halflings-regular.woff2
2018-11-09 16:59:26 1541753966453 /getStudentPage
2018-11-09 16:59:30 1541753970274 /getStudentPage
2018-11-09 16:59:31 1541753971823 /getStudentPage
2018-11-09 17:58:12 1541757492713 /getStudentPage
2018-11-09 17:58:13 1541757493976 /getStudentPage
2018-11-09 17:58:15 1541757495645 /getStudentPage
2018-11-09 17:58:16 1541757496711 /getStudentPage
2018-11-09 17:58:17 1541757497770 /getStudentPage
2018-11-09 17:58:18 1541757498752 /getStudentPage
2018-11-09 17:58:23 1541757503234 /student.html
2018-11-09 17:58:23 1541757503247 /bootstrap/js/jquery-3.3.1.min.js
2018-11-09 17:58:23 1541757503248 /bootstrap/js/bootstrap.js
2018-11-09 17:58:23 1541757503249 /bootstrap/css/bootstrap.css
2018-11-09 17:58:23 1541757503297 /bootstrap/fonts/glyphicons-halflings-regular.woff2
2018-11-09 17:58:23 1541757503302 /getStudentPage
2018-11-09 17:58:24 1541757504991 /getStudentPage
2018-11-09 17:58:26 1541757506188 /getStudentPage
2018-11-09 17:58:27 1541757507686 /getStudentPage
2018-11-09 18:25:20 1541759120906 /student.html
2018-11-09 18:25:20 1541759120916 /bootstrap/js/jquery-3.3.1.min.js
2018-11-09 18:25:20 1541759120917 /bootstrap/js/bootstrap.js
2018-11-09 18:25:20 1541759120918 /bootstrap/css/bootstrap.css
2018-11-09 18:25:20 1541759120977 /bootstrap/fonts/glyphicons-halflings-regular.woff2
2018-11-09 18:25:20 1541759120981 /getStudentPage
2018-11-09 18:25:23 1541759123381 /getStudentPage
2018-11-09 18:25:26 1541759126068 /getStudentPage
2018-11-09 18:25:36 1541759136339 /getStudentPage
2018-11-09 18:25:37 1541759137545 /getStudentPage
2018-11-09 19:51:54 1541764314501 /getStudentPage
2018-11-09 19:51:55 1541764315675 /getStudentPage
2018-11-09 19:51:57 1541764317379 /getStudentPage
2018-11-09 19:51:58 1541764318726 /getStudentPage
2018-11-09 19:52:00 1541764320126 /getStudentPage
2018-11-09 19:52:11 1541764331687 /student.html
2018-11-09 19:52:11 1541764331697 /bootstrap/js/jquery-3.3.1.min.js
2018-11-09 19:52:11 1541764331699 /bootstrap/js/bootstrap.js
2018-11-09 19:52:11 1541764331700 /bootstrap/css/bootstrap.css
2018-11-09 19:52:11 1541764331782 /getStudentPage
2018-11-09 19:52:14 1541764334243 /getStudentPage
2018-11-09 19:52:15 1541764335391 /getStudentPage
2018-11-09 19:52:16 1541764336458 /getStudentPage
2018-11-09 19:52:17 1541764337677 /getStudentPage
2018-11-09 19:52:18 1541764338639 /getStudentPage
2018-11-09 19:52:19 1541764339830 /getStudentPage
2018-11-09 20:06:11 1541765171380 /getStudentPage
2018-11-09 20:06:12 1541765172493 /getStudentPage
2018-11-09 20:06:14 1541765174349 /getStudentPage
2018-11-09 20:06:15 1541765175797 /getStudentPage
2018-11-09 20:06:17 1541765177239 /getStudentPage
2018-11-09 20:06:18 1541765178585 /getStudentPage
2018-11-09 20:06:20 1541765180007 /getStudentPage
2018-11-09 20:06:21 1541765181243 /getStudentPage
2018-11-09 20:06:22 1541765182409 /getStudentPage
2018-11-09 20:06:23 1541765183447 /getStudentPage
2018-11-09 20:06:25 1541765185668 /getStudentPage
2018-11-09 20:06:28 1541765188349 /getStudentPage
2018-11-09 20:37:37 1541767057907 /student.html
2018-11-09 20:37:37 1541767057918 /bootstrap/js/jquery-3.3.1.min.js
2018-11-09 20:37:37 1541767057921 /bootstrap/js/bootstrap.js
2018-11-09 20:37:37 1541767057922 /bootstrap/css/bootstrap.css
2018-11-09 20:37:37 1541767057992 /getStudentPage
2018-11-09 20:37:54 1541767074092 /getStudentPage
2018-11-09 20:37:57 1541767077227 /getStudentPage
2018-11-09 20:40:56 1541767256587 /student.html
2018-11-09 20:40:56 1541767256614 /bootstrap/js/jquery-3.3.1.min.js
2018-11-09 20:40:56 1541767256618 /bootstrap/css/bootstrap.css
2018-11-09 20:40:56 1541767256617 /bootstrap/js/bootstrap.js
2018-11-09 20:40:56 1541767256720 /getStudentPage
2018-11-09 20:40:59 1541767259572 /bootstrap/css/bootstrap.css
2018-11-09 20:40:59 1541767259602 /bootstrap/css/bootstrap.css.map
2018-11-09 20:41:06 1541767266453 /student.html
2018-11-09 20:41:06 1541767266464 /bootstrap/js/jquery-3.3.1.min.js
2018-11-09 20:41:06 1541767266466 /bootstrap/js/bootstrap.js
2018-11-09 20:41:06 1541767266467 /bootstrap/css/bootstrap.css
2018-11-09 20:41:06 1541767266763 /getStudentPage
2018-11-09 20:41:06 1541767266788 /favicon.ico
2018-11-09 20:41:06 1541767266802 /bootstrap/css/bootstrap.css.map
2018-11-29 18:05:50 1543485950111 服务已启动
2018-11-29 18:06:00 1543485960968 /
2018-11-29 18:06:01 1543485961002 /favicon.ico
2018-11-29 18:06:09 1543485969432 /student.html
2018-11-29 18:06:09 1543485969448 /bootstrap/js/jquery-3.3.1.min.js
2018-11-29 18:06:09 1543485969450 /bootstrap/js/bootstrap.js
2018-11-29 18:06:09 1543485969452 /bootstrap/css/bootstrap.css
2018-11-29 18:06:10 1543485970201 /getStudentPage
2018-11-29 20:23:56 1543494236990 服务已启动
2018-11-29 20:24:07 1543494247669 /student.html
2018-11-29 20:24:07 1543494247690 /bootstrap/js/jquery-3.3.1.min.js
2018-11-29 20:24:07 1543494247691 /bootstrap/js/bootstrap.js
2018-11-29 20:24:07 1543494247694 /bootstrap/css/bootstrap.css
2018-11-29 20:24:08 1543494248951 /getStudentPage
2018-11-29 20:24:09 1543494249017 /favicon.ico
2018-11-29 20:24:12 1543494252368 /getStudentPage
2018-11-29 20:24:13 1543494253359 /getStudentPage
2018-11-29 20:24:14 1543494254307 /getStudentPage
2018-11-29 20:24:14 1543494254935 /getStudentPage
2018-11-29 20:32:56 1543494776411 服务已启动
2018-11-29 20:32:59 1543494779439 /student.html
2018-11-29 20:32:59 1543494779458 /bootstrap/js/jquery-3.3.1.min.js
2018-11-29 20:32:59 1543494779460 /bootstrap/js/bootstrap.js
2018-11-29 20:32:59 1543494779461 /bootstrap/css/bootstrap.css
2018-11-29 20:32:59 1543494779567 /getStudentPage
2018-11-29 20:35:59 1543494959961 /getStudentPage
2018-11-29 20:36:00 1543494960828 /getStudentPage
2018-11-29 20:36:01 1543494961610 /getStudentPage
2018-11-29 20:36:02 1543494962374 /getStudentPage
2018-11-29 20:36:08 1543494968274 /getStudentPage
2018-11-29 20:36:09 1543494969312 /getStudentPage
2018-11-29 20:36:11 1543494971752 /bootstrap/css/bootstrap.css
2018-11-29 20:36:11 1543494971786 /bootstrap/css/bootstrap.css.map
2018-11-29 20:36:18 1543494978893 /getStudentPage
2018-11-29 20:40:03 1543495203619 /bootstrap/css/bootstrap.css.map
2018-11-29 20:40:05 1543495205643 /getStudentPage
2018-11-29 20:40:26 1543495226425 /getStudentPage
2018-11-29 20:44:33 1543495473713 /getStudentPage
2018-11-29 20:44:34 1543495474744 /getStudentPage
2018-11-29 20:44:43 1543495483862 /bootstrap/css/bootstrap.css.map
2018-11-29 20:44:48 1543495488693 /getStudentPage
2019-01-18 18:49:06 1547808546381 服务已启动
2019-01-18 18:49:23 1547808563339 /
2019-01-18 18:49:23 1547808563378 /favicon.ico
2019-01-18 18:49:31 1547808571940 /student.html
2019-01-18 18:49:31 1547808571950 /bootstrap/js/jquery-3.3.1.min.js
2019-01-18 18:49:31 1547808571952 /bootstrap/js/bootstrap.js
2019-01-18 18:49:31 1547808571954 /bootstrap/css/bootstrap.css
2019-01-18 18:49:32 1547808572435 /getStudentPage
2019-01-18 18:49:58 1547808598904 服务已启动
2019-01-18 18:49:58 1547808598982 /getStudentPage
2019-01-18 18:50:03 1547808603318 /getStudentPage
2019-01-18 18:50:04 1547808604750 /getStudentPage
2019-01-18 18:50:06 1547808606969 /getStudentPage
2019-01-18 18:50:08 1547808608343 /getStudentPage
2019-01-18 18:50:10 1547808610091 /getStudentPage
2019-01-18 18:50:13 1547808613227 /
2019-01-18 18:50:28 1547808628904 /student.html
2019-01-18 18:50:28 1547808628916 /bootstrap/js/jquery-3.3.1.min.js
2019-01-18 18:50:28 1547808628918 /bootstrap/js/bootstrap.js
2019-01-18 18:50:28 1547808628919 /bootstrap/css/bootstrap.css
2019-01-18 18:50:29 1547808629005 /getStudentPage
2019-01-18 18:50:35 1547808635910 /add_student.html
2019-01-18 20:25:23 1547814323707 /student.html
2019-01-18 20:25:23 1547814323727 /bootstrap/js/jquery-3.3.1.min.js
2019-01-18 20:25:23 1547814323729 /bootstrap/js/bootstrap.js
2019-01-18 20:25:23 1547814323731 /bootstrap/css/bootstrap.css
2019-01-18 20:25:23 1547814323828 /getStudentPage
2019-01-18 20:31:29 1547814689983 /getStudentPage
2019-01-18 20:31:30 1547814690730 /getStudentPage
2019-01-18 20:31:31 1547814691738 /getStudentPage
2019-01-18 20:31:32 1547814692536 /getStudentPage
2019-01-18 20:31:56 1547814716766 /getStudentPage
2019-01-18 20:31:57 1547814717682 /getStudentPage
2019-01-18 20:32:07 1547814727466 /getStudentPage
2019-01-18 20:32:08 1547814728215 /getStudentPage
2019-01-18 21:09:48 1547816988220 /student.html
2019-01-18 21:09:48 1547816988229 /bootstrap/js/jquery-3.3.1.min.js
2019-01-18 21:09:48 1547816988230 /bootstrap/js/bootstrap.js
2019-01-18 21:09:48 1547816988231 /bootstrap/css/bootstrap.css
2019-01-18 21:09:48 1547816988293 /getStudentPage
2019-01-18 21:09:52 1547816992464 /getStudentPage
2019-01-18 21:09:53 1547816993043 /getStudentPage
2019-01-18 21:09:55 1547816995108 /getStudentPage
